<?xml version="1.0" encoding="UTF-8"?>
<testsuite xmlns:xsi="http://www.w3.org/2001/XMLSchema-instance" xsi:noNamespaceSchemaLocation="https://maven.apache.org/surefire/maven-surefire-plugin/xsd/surefire-test-report.xsd" name="CatTest" time="0.402" tests="9" errors="0" skipped="0" failures="0">
  <properties>
[...]
</properties>
  <testcase name="CatInNextCell" classname="CatTest" time="0.032"/>
  <testcase name="CatAtEdgeOfMapX" classname="CatTest" time="0.001"/>
  <testcase name="CatAtEdgeOfMapY" classname="CatTest" time="0.001"/>
  <testcase name="MouseOnTop" classname="CatTest" time="0.002"/>
  <testcase name="MouseNextCellUp" classname="CatTest" time="0.001"/>
  <testcase name="MouseOtherSideOfWall" classname="CatTest" time="0.001"/>
  <testcase name="MouseFarAway" classname="CatTest" time="0.001"/>
  <testcase name="MouseNextCellSide" classname="CatTest" time="0.001"/>
  <testcase name="MouseDiagonal" classname="CatTest" time="0.001"/>
</testsuite>