<?xml version="1.0" encoding="UTF-8"?>
<testsuite xmlns:xsi="http://www.w3.org/2001/XMLSchema-instance" xsi:noNamespaceSchemaLocation="https://maven.apache.org/surefire/maven-surefire-plugin/xsd/surefire-test-report.xsd" name="MovingEntityTest" time="0.248" tests="8" errors="0" skipped="0" failures="0">
  <properties>
[...]
</properties>
  <testcase name="checkMoveXAndY" classname="MovingEntityTest" time="0.024"/>
  <testcase name="moveOutOfBoundsLow" classname="MovingEntityTest" time="0.039"/>
  <testcase name="moveOutOfBoundsHigh" classname="MovingEntityTest" time="0.03"/>
  <testcase name="checkMoveX" classname="MovingEntityTest" time="0.03"/>
  <testcase name="checkMoveY" classname="MovingEntityTest" time="0.032"/>
  <testcase name="moveIntoWall" classname="MovingEntityTest" time="0.027"/>
  <testcase name="moveValid" classname="MovingEntityTest" time="0.03"/>
  <testcase name="checkMoveNoChange" classname="MovingEntityTest" time="0.032"/>
</testsuite>